<?xml version="1.0" encoding="UTF-8"?>
<testsuite name="com.xmplar.dcf.testclasses.LoginTest" tests="1" skipped="0" failures="1" errors="0" timestamp="2018-07-09T13:29:27" hostname="Subbu-PC" time="1.541">
  <properties/>
  <testcase name="Login to DCF application" classname="com.xmplar.dcf.testclasses.LoginTest" time="1.541">
    <failure message="java.lang.IllegalStateException: The path to the driver executable must be set by the webdriver.gecko.driver system property; for more information, see https://github.com/mozilla/geckodriver. The latest version can be downloaded from https://github.com/mozilla/geckodriver/releases" type="java.lang.IllegalStateException">java.lang.IllegalStateException: The path to the driver executable must be set by the webdriver.gecko.driver system property; for more information, see https://github.com/mozilla/geckodriver. The latest version can be downloaded from https://github.com/mozilla/geckodriver/releases
	at com.google.common.base.Preconditions.checkState(Preconditions.java:754)
	at org.openqa.selenium.remote.service.DriverService.findExecutable(DriverService.java:124)
	at org.openqa.selenium.firefox.GeckoDriverService.access$100(GeckoDriverService.java:41)
	at org.openqa.selenium.firefox.GeckoDriverService$Builder.findDefaultExecutable(GeckoDriverService.java:115)
	at org.openqa.selenium.remote.service.DriverService$Builder.build(DriverService.java:329)
	at org.openqa.selenium.firefox.FirefoxDriver.toExecutor(FirefoxDriver.java:207)
	at org.openqa.selenium.firefox.FirefoxDriver.&lt;init&gt;(FirefoxDriver.java:103)
	at org.openqa.selenium.firefox.FirefoxDriver.&lt;init&gt;(FirefoxDriver.java:99)
	at geb.driver.NameBasedDriverFactory.getDriver(NameBasedDriverFactory.groovy:44)
	at geb.driver.CachingDriverFactory.getDriver_closure3(CachingDriverFactory.groovy:85)
	at geb.driver.CachingDriverFactory.getDriver_closure3(CachingDriverFactory.groovy)
	at geb.driver.CachingDriverFactory$SimpleCache.get(CachingDriverFactory.groovy:32)
	at geb.driver.CachingDriverFactory.getDriver(CachingDriverFactory.groovy:84)
	at geb.Configuration.createDriver(Configuration.groovy:382)
	at geb.Configuration.getDriver(Configuration.groovy:371)
	at geb.Browser.getDriver(Browser.groovy:111)
	at geb.navigator.factory.BrowserBackedNavigatorFactory.&lt;init&gt;(BrowserBackedNavigatorFactory.groovy:35)
	at geb.Configuration.createNavigatorFactory(Configuration.groovy:417)
	at geb.Browser.createNavigatorFactory(Browser.groovy:133)
	at geb.Browser.getNavigatorFactory(Browser.groovy:121)
	at geb.Page.init(Page.groovy:144)
	at geb.Browser.createPage(Browser.groovy:855)
	at geb.Browser.to(Browser.groovy:548)
	at geb.Browser.to(Browser.groovy:537)
	at geb.spock.GebSpec.methodMissing(GebSpec.groovy:56)
	at com.xmplar.dcf.testclasses.LoginTest.Login to DCF application(LoginTest.groovy:13)
</failure>
    <failure message="java.lang.IllegalStateException: The path to the driver executable must be set by the webdriver.gecko.driver system property; for more information, see https://github.com/mozilla/geckodriver. The latest version can be downloaded from https://github.com/mozilla/geckodriver/releases" type="java.lang.IllegalStateException">java.lang.IllegalStateException: The path to the driver executable must be set by the webdriver.gecko.driver system property; for more information, see https://github.com/mozilla/geckodriver. The latest version can be downloaded from https://github.com/mozilla/geckodriver/releases
	at com.google.common.base.Preconditions.checkState(Preconditions.java:754)
	at org.openqa.selenium.remote.service.DriverService.findExecutable(DriverService.java:124)
	at org.openqa.selenium.firefox.GeckoDriverService.access$100(GeckoDriverService.java:41)
	at org.openqa.selenium.firefox.GeckoDriverService$Builder.findDefaultExecutable(GeckoDriverService.java:115)
	at org.openqa.selenium.remote.service.DriverService$Builder.build(DriverService.java:329)
	at org.openqa.selenium.firefox.FirefoxDriver.toExecutor(FirefoxDriver.java:207)
	at org.openqa.selenium.firefox.FirefoxDriver.&lt;init&gt;(FirefoxDriver.java:103)
	at org.openqa.selenium.firefox.FirefoxDriver.&lt;init&gt;(FirefoxDriver.java:99)
	at geb.driver.NameBasedDriverFactory.getDriver(NameBasedDriverFactory.groovy:44)
	at geb.driver.CachingDriverFactory.getDriver_closure3(CachingDriverFactory.groovy:85)
	at geb.driver.CachingDriverFactory.getDriver_closure3(CachingDriverFactory.groovy)
	at geb.driver.CachingDriverFactory$SimpleCache.get(CachingDriverFactory.groovy:32)
	at geb.driver.CachingDriverFactory.getDriver(CachingDriverFactory.groovy:84)
	at geb.Configuration.createDriver(Configuration.groovy:382)
	at geb.Configuration.getDriver(Configuration.groovy:371)
	at geb.Browser.getDriver(Browser.groovy:111)
	at geb.Browser.clearCookies(Browser.groovy:641)
	at geb.Browser.clearCookiesQuietly(Browser.groovy:649)
	at geb.spock.GebSpec.resetBrowser(GebSpec.groovy:50)
	at geb.spock.GebSpec.cleanup(GebSpec.groovy:73)
</failure>
    <failure message="java.lang.IllegalStateException: The path to the driver executable must be set by the webdriver.gecko.driver system property; for more information, see https://github.com/mozilla/geckodriver. The latest version can be downloaded from https://github.com/mozilla/geckodriver/releases" type="java.lang.IllegalStateException">java.lang.IllegalStateException: The path to the driver executable must be set by the webdriver.gecko.driver system property; for more information, see https://github.com/mozilla/geckodriver. The latest version can be downloaded from https://github.com/mozilla/geckodriver/releases
	at com.google.common.base.Preconditions.checkState(Preconditions.java:754)
	at org.openqa.selenium.remote.service.DriverService.findExecutable(DriverService.java:124)
	at org.openqa.selenium.firefox.GeckoDriverService.access$100(GeckoDriverService.java:41)
	at org.openqa.selenium.firefox.GeckoDriverService$Builder.findDefaultExecutable(GeckoDriverService.java:115)
	at org.openqa.selenium.remote.service.DriverService$Builder.build(DriverService.java:329)
	at org.openqa.selenium.firefox.FirefoxDriver.toExecutor(FirefoxDriver.java:207)
	at org.openqa.selenium.firefox.FirefoxDriver.&lt;init&gt;(FirefoxDriver.java:103)
	at org.openqa.selenium.firefox.FirefoxDriver.&lt;init&gt;(FirefoxDriver.java:99)
	at geb.driver.NameBasedDriverFactory.getDriver(NameBasedDriverFactory.groovy:44)
	at geb.driver.CachingDriverFactory.getDriver_closure3(CachingDriverFactory.groovy:85)
	at geb.driver.CachingDriverFactory.getDriver_closure3(CachingDriverFactory.groovy)
	at geb.driver.CachingDriverFactory$SimpleCache.get(CachingDriverFactory.groovy:32)
	at geb.driver.CachingDriverFactory.getDriver(CachingDriverFactory.groovy:84)
	at geb.Configuration.createDriver(Configuration.groovy:382)
	at geb.Configuration.getDriver(Configuration.groovy:371)
	at geb.Browser.getDriver(Browser.groovy:111)
	at geb.navigator.factory.BrowserBackedNavigatorFactory.&lt;init&gt;(BrowserBackedNavigatorFactory.groovy:35)
	at geb.Configuration.createNavigatorFactory(Configuration.groovy:417)
	at geb.Browser.createNavigatorFactory(Browser.groovy:133)
	at geb.Browser.getNavigatorFactory(Browser.groovy:121)
	at geb.Page.init(Page.groovy:144)
	at geb.Browser.createPage(Browser.groovy:855)
	at geb.Browser.to(Browser.groovy:548)
	at geb.Browser.to(Browser.groovy:537)
	at geb.spock.GebSpec.methodMissing(GebSpec.groovy:56)
	at com.xmplar.dcf.testclasses.LoginTest.Login to DCF application(LoginTest.groovy:13)
</failure>
    <failure message="java.lang.IllegalStateException: The path to the driver executable must be set by the webdriver.gecko.driver system property; for more information, see https://github.com/mozilla/geckodriver. The latest version can be downloaded from https://github.com/mozilla/geckodriver/releases" type="java.lang.IllegalStateException">java.lang.IllegalStateException: The path to the driver executable must be set by the webdriver.gecko.driver system property; for more information, see https://github.com/mozilla/geckodriver. The latest version can be downloaded from https://github.com/mozilla/geckodriver/releases
	at com.google.common.base.Preconditions.checkState(Preconditions.java:754)
	at org.openqa.selenium.remote.service.DriverService.findExecutable(DriverService.java:124)
	at org.openqa.selenium.firefox.GeckoDriverService.access$100(GeckoDriverService.java:41)
	at org.openqa.selenium.firefox.GeckoDriverService$Builder.findDefaultExecutable(GeckoDriverService.java:115)
	at org.openqa.selenium.remote.service.DriverService$Builder.build(DriverService.java:329)
	at org.openqa.selenium.firefox.FirefoxDriver.toExecutor(FirefoxDriver.java:207)
	at org.openqa.selenium.firefox.FirefoxDriver.&lt;init&gt;(FirefoxDriver.java:103)
	at org.openqa.selenium.firefox.FirefoxDriver.&lt;init&gt;(FirefoxDriver.java:99)
	at geb.driver.NameBasedDriverFactory.getDriver(NameBasedDriverFactory.groovy:44)
	at geb.driver.CachingDriverFactory.getDriver_closure3(CachingDriverFactory.groovy:85)
	at geb.driver.CachingDriverFactory.getDriver_closure3(CachingDriverFactory.groovy)
	at geb.driver.CachingDriverFactory$SimpleCache.get(CachingDriverFactory.groovy:32)
	at geb.driver.CachingDriverFactory.getDriver(CachingDriverFactory.groovy:84)
	at geb.Configuration.createDriver(Configuration.groovy:382)
	at geb.Configuration.getDriver(Configuration.groovy:371)
	at geb.Browser.getDriver(Browser.groovy:111)
	at geb.Browser.clearCookies(Browser.groovy:641)
	at geb.Browser.clearCookiesQuietly(Browser.groovy:649)
	at geb.spock.GebSpec.resetBrowser(GebSpec.groovy:50)
	at geb.spock.GebSpec.cleanup(GebSpec.groovy:73)
</failure>
    <failure message="java.lang.IllegalStateException: The path to the driver executable must be set by the webdriver.gecko.driver system property; for more information, see https://github.com/mozilla/geckodriver. The latest version can be downloaded from https://github.com/mozilla/geckodriver/releases" type="java.lang.IllegalStateException">java.lang.IllegalStateException: The path to the driver executable must be set by the webdriver.gecko.driver system property; for more information, see https://github.com/mozilla/geckodriver. The latest version can be downloaded from https://github.com/mozilla/geckodriver/releases
	at com.google.common.base.Preconditions.checkState(Preconditions.java:754)
	at org.openqa.selenium.remote.service.DriverService.findExecutable(DriverService.java:124)
	at org.openqa.selenium.firefox.GeckoDriverService.access$100(GeckoDriverService.java:41)
	at org.openqa.selenium.firefox.GeckoDriverService$Builder.findDefaultExecutable(GeckoDriverService.java:115)
	at org.openqa.selenium.remote.service.DriverService$Builder.build(DriverService.java:329)
	at org.openqa.selenium.firefox.FirefoxDriver.toExecutor(FirefoxDriver.java:207)
	at org.openqa.selenium.firefox.FirefoxDriver.&lt;init&gt;(FirefoxDriver.java:103)
	at org.openqa.selenium.firefox.FirefoxDriver.&lt;init&gt;(FirefoxDriver.java:99)
	at geb.driver.NameBasedDriverFactory.getDriver(NameBasedDriverFactory.groovy:44)
	at geb.driver.CachingDriverFactory.getDriver_closure3(CachingDriverFactory.groovy:85)
	at geb.driver.CachingDriverFactory.getDriver_closure3(CachingDriverFactory.groovy)
	at geb.driver.CachingDriverFactory$SimpleCache.get(CachingDriverFactory.groovy:32)
	at geb.driver.CachingDriverFactory.getDriver(CachingDriverFactory.groovy:84)
	at geb.Configuration.createDriver(Configuration.groovy:382)
	at geb.Configuration.getDriver(Configuration.groovy:371)
	at geb.Browser.getDriver(Browser.groovy:111)
	at geb.navigator.factory.BrowserBackedNavigatorFactory.&lt;init&gt;(BrowserBackedNavigatorFactory.groovy:35)
	at geb.Configuration.createNavigatorFactory(Configuration.groovy:417)
	at geb.Browser.createNavigatorFactory(Browser.groovy:133)
	at geb.Browser.getNavigatorFactory(Browser.groovy:121)
	at geb.Page.init(Page.groovy:144)
	at geb.Browser.createPage(Browser.groovy:855)
	at geb.Browser.to(Browser.groovy:548)
	at geb.Browser.to(Browser.groovy:537)
	at geb.spock.GebSpec.methodMissing(GebSpec.groovy:56)
	at com.xmplar.dcf.testclasses.LoginTest.Login to DCF application(LoginTest.groovy:13)
</failure>
    <failure message="java.lang.IllegalStateException: The path to the driver executable must be set by the webdriver.gecko.driver system property; for more information, see https://github.com/mozilla/geckodriver. The latest version can be downloaded from https://github.com/mozilla/geckodriver/releases" type="java.lang.IllegalStateException">java.lang.IllegalStateException: The path to the driver executable must be set by the webdriver.gecko.driver system property; for more information, see https://github.com/mozilla/geckodriver. The latest version can be downloaded from https://github.com/mozilla/geckodriver/releases
	at com.google.common.base.Preconditions.checkState(Preconditions.java:754)
	at org.openqa.selenium.remote.service.DriverService.findExecutable(DriverService.java:124)
	at org.openqa.selenium.firefox.GeckoDriverService.access$100(GeckoDriverService.java:41)
	at org.openqa.selenium.firefox.GeckoDriverService$Builder.findDefaultExecutable(GeckoDriverService.java:115)
	at org.openqa.selenium.remote.service.DriverService$Builder.build(DriverService.java:329)
	at org.openqa.selenium.firefox.FirefoxDriver.toExecutor(FirefoxDriver.java:207)
	at org.openqa.selenium.firefox.FirefoxDriver.&lt;init&gt;(FirefoxDriver.java:103)
	at org.openqa.selenium.firefox.FirefoxDriver.&lt;init&gt;(FirefoxDriver.java:99)
	at geb.driver.NameBasedDriverFactory.getDriver(NameBasedDriverFactory.groovy:44)
	at geb.driver.CachingDriverFactory.getDriver_closure3(CachingDriverFactory.groovy:85)
	at geb.driver.CachingDriverFactory.getDriver_closure3(CachingDriverFactory.groovy)
	at geb.driver.CachingDriverFactory$SimpleCache.get(CachingDriverFactory.groovy:32)
	at geb.driver.CachingDriverFactory.getDriver(CachingDriverFactory.groovy:84)
	at geb.Configuration.createDriver(Configuration.groovy:382)
	at geb.Configuration.getDriver(Configuration.groovy:371)
	at geb.Browser.getDriver(Browser.groovy:111)
	at geb.Browser.clearCookies(Browser.groovy:641)
	at geb.Browser.clearCookiesQuietly(Browser.groovy:649)
	at geb.spock.GebSpec.resetBrowser(GebSpec.groovy:50)
	at geb.spock.GebSpec.cleanup(GebSpec.groovy:73)
</failure>
    <failure message="java.lang.IllegalStateException: The path to the driver executable must be set by the webdriver.gecko.driver system property; for more information, see https://github.com/mozilla/geckodriver. The latest version can be downloaded from https://github.com/mozilla/geckodriver/releases" type="java.lang.IllegalStateException">java.lang.IllegalStateException: The path to the driver executable must be set by the webdriver.gecko.driver system property; for more information, see https://github.com/mozilla/geckodriver. The latest version can be downloaded from https://github.com/mozilla/geckodriver/releases
	at com.google.common.base.Preconditions.checkState(Preconditions.java:754)
	at org.openqa.selenium.remote.service.DriverService.findExecutable(DriverService.java:124)
	at org.openqa.selenium.firefox.GeckoDriverService.access$100(GeckoDriverService.java:41)
	at org.openqa.selenium.firefox.GeckoDriverService$Builder.findDefaultExecutable(GeckoDriverService.java:115)
	at org.openqa.selenium.remote.service.DriverService$Builder.build(DriverService.java:329)
	at org.openqa.selenium.firefox.FirefoxDriver.toExecutor(FirefoxDriver.java:207)
	at org.openqa.selenium.firefox.FirefoxDriver.&lt;init&gt;(FirefoxDriver.java:103)
	at org.openqa.selenium.firefox.FirefoxDriver.&lt;init&gt;(FirefoxDriver.java:99)
	at geb.driver.NameBasedDriverFactory.getDriver(NameBasedDriverFactory.groovy:44)
	at geb.driver.CachingDriverFactory.getDriver_closure3(CachingDriverFactory.groovy:85)
	at geb.driver.CachingDriverFactory.getDriver_closure3(CachingDriverFactory.groovy)
	at geb.driver.CachingDriverFactory$SimpleCache.get(CachingDriverFactory.groovy:32)
	at geb.driver.CachingDriverFactory.getDriver(CachingDriverFactory.groovy:84)
	at geb.Configuration.createDriver(Configuration.groovy:382)
	at geb.Configuration.getDriver(Configuration.groovy:371)
	at geb.Browser.getDriver(Browser.groovy:111)
	at geb.navigator.factory.BrowserBackedNavigatorFactory.&lt;init&gt;(BrowserBackedNavigatorFactory.groovy:35)
	at geb.Configuration.createNavigatorFactory(Configuration.groovy:417)
	at geb.Browser.createNavigatorFactory(Browser.groovy:133)
	at geb.Browser.getNavigatorFactory(Browser.groovy:121)
	at geb.Page.init(Page.groovy:144)
	at geb.Browser.createPage(Browser.groovy:855)
	at geb.Browser.to(Browser.groovy:548)
	at geb.Browser.to(Browser.groovy:537)
	at geb.spock.GebSpec.methodMissing(GebSpec.groovy:56)
	at com.xmplar.dcf.testclasses.LoginTest.Login to DCF application(LoginTest.groovy:13)
</failure>
    <failure message="java.lang.IllegalStateException: The path to the driver executable must be set by the webdriver.gecko.driver system property; for more information, see https://github.com/mozilla/geckodriver. The latest version can be downloaded from https://github.com/mozilla/geckodriver/releases" type="java.lang.IllegalStateException">java.lang.IllegalStateException: The path to the driver executable must be set by the webdriver.gecko.driver system property; for more information, see https://github.com/mozilla/geckodriver. The latest version can be downloaded from https://github.com/mozilla/geckodriver/releases
	at com.google.common.base.Preconditions.checkState(Preconditions.java:754)
	at org.openqa.selenium.remote.service.DriverService.findExecutable(DriverService.java:124)
	at org.openqa.selenium.firefox.GeckoDriverService.access$100(GeckoDriverService.java:41)
	at org.openqa.selenium.firefox.GeckoDriverService$Builder.findDefaultExecutable(GeckoDriverService.java:115)
	at org.openqa.selenium.remote.service.DriverService$Builder.build(DriverService.java:329)
	at org.openqa.selenium.firefox.FirefoxDriver.toExecutor(FirefoxDriver.java:207)
	at org.openqa.selenium.firefox.FirefoxDriver.&lt;init&gt;(FirefoxDriver.java:103)
	at org.openqa.selenium.firefox.FirefoxDriver.&lt;init&gt;(FirefoxDriver.java:99)
	at geb.driver.NameBasedDriverFactory.getDriver(NameBasedDriverFactory.groovy:44)
	at geb.driver.CachingDriverFactory.getDriver_closure3(CachingDriverFactory.groovy:85)
	at geb.driver.CachingDriverFactory.getDriver_closure3(CachingDriverFactory.groovy)
	at geb.driver.CachingDriverFactory$SimpleCache.get(CachingDriverFactory.groovy:32)
	at geb.driver.CachingDriverFactory.getDriver(CachingDriverFactory.groovy:84)
	at geb.Configuration.createDriver(Configuration.groovy:382)
	at geb.Configuration.getDriver(Configuration.groovy:371)
	at geb.Browser.getDriver(Browser.groovy:111)
	at geb.Browser.clearCookies(Browser.groovy:641)
	at geb.Browser.clearCookiesQuietly(Browser.groovy:649)
	at geb.spock.GebSpec.resetBrowser(GebSpec.groovy:50)
	at geb.spock.GebSpec.cleanup(GebSpec.groovy:73)
</failure>
    <failure message="java.lang.IllegalStateException: The path to the driver executable must be set by the webdriver.gecko.driver system property; for more information, see https://github.com/mozilla/geckodriver. The latest version can be downloaded from https://github.com/mozilla/geckodriver/releases" type="java.lang.IllegalStateException">java.lang.IllegalStateException: The path to the driver executable must be set by the webdriver.gecko.driver system property; for more information, see https://github.com/mozilla/geckodriver. The latest version can be downloaded from https://github.com/mozilla/geckodriver/releases
	at com.google.common.base.Preconditions.checkState(Preconditions.java:754)
	at org.openqa.selenium.remote.service.DriverService.findExecutable(DriverService.java:124)
	at org.openqa.selenium.firefox.GeckoDriverService.access$100(GeckoDriverService.java:41)
	at org.openqa.selenium.firefox.GeckoDriverService$Builder.findDefaultExecutable(GeckoDriverService.java:115)
	at org.openqa.selenium.remote.service.DriverService$Builder.build(DriverService.java:329)
	at org.openqa.selenium.firefox.FirefoxDriver.toExecutor(FirefoxDriver.java:207)
	at org.openqa.selenium.firefox.FirefoxDriver.&lt;init&gt;(FirefoxDriver.java:103)
	at org.openqa.selenium.firefox.FirefoxDriver.&lt;init&gt;(FirefoxDriver.java:99)
	at geb.driver.NameBasedDriverFactory.getDriver(NameBasedDriverFactory.groovy:44)
	at geb.driver.CachingDriverFactory.getDriver_closure3(CachingDriverFactory.groovy:85)
	at geb.driver.CachingDriverFactory.getDriver_closure3(CachingDriverFactory.groovy)
	at geb.driver.CachingDriverFactory$SimpleCache.get(CachingDriverFactory.groovy:32)
	at geb.driver.CachingDriverFactory.getDriver(CachingDriverFactory.groovy:84)
	at geb.Configuration.createDriver(Configuration.groovy:382)
	at geb.Configuration.getDriver(Configuration.groovy:371)
	at geb.Browser.getDriver(Browser.groovy:111)
	at geb.navigator.factory.BrowserBackedNavigatorFactory.&lt;init&gt;(BrowserBackedNavigatorFactory.groovy:35)
	at geb.Configuration.createNavigatorFactory(Configuration.groovy:417)
	at geb.Browser.createNavigatorFactory(Browser.groovy:133)
	at geb.Browser.getNavigatorFactory(Browser.groovy:121)
	at geb.Page.init(Page.groovy:144)
	at geb.Browser.createPage(Browser.groovy:855)
	at geb.Browser.to(Browser.groovy:548)
	at geb.Browser.to(Browser.groovy:537)
	at geb.spock.GebSpec.methodMissing(GebSpec.groovy:56)
	at com.xmplar.dcf.testclasses.LoginTest.Login to DCF application(LoginTest.groovy:13)
</failure>
    <failure message="java.lang.IllegalStateException: The path to the driver executable must be set by the webdriver.gecko.driver system property; for more information, see https://github.com/mozilla/geckodriver. The latest version can be downloaded from https://github.com/mozilla/geckodriver/releases" type="java.lang.IllegalStateException">java.lang.IllegalStateException: The path to the driver executable must be set by the webdriver.gecko.driver system property; for more information, see https://github.com/mozilla/geckodriver. The latest version can be downloaded from https://github.com/mozilla/geckodriver/releases
	at com.google.common.base.Preconditions.checkState(Preconditions.java:754)
	at org.openqa.selenium.remote.service.DriverService.findExecutable(DriverService.java:124)
	at org.openqa.selenium.firefox.GeckoDriverService.access$100(GeckoDriverService.java:41)
	at org.openqa.selenium.firefox.GeckoDriverService$Builder.findDefaultExecutable(GeckoDriverService.java:115)
	at org.openqa.selenium.remote.service.DriverService$Builder.build(DriverService.java:329)
	at org.openqa.selenium.firefox.FirefoxDriver.toExecutor(FirefoxDriver.java:207)
	at org.openqa.selenium.firefox.FirefoxDriver.&lt;init&gt;(FirefoxDriver.java:103)
	at org.openqa.selenium.firefox.FirefoxDriver.&lt;init&gt;(FirefoxDriver.java:99)
	at geb.driver.NameBasedDriverFactory.getDriver(NameBasedDriverFactory.groovy:44)
	at geb.driver.CachingDriverFactory.getDriver_closure3(CachingDriverFactory.groovy:85)
	at geb.driver.CachingDriverFactory.getDriver_closure3(CachingDriverFactory.groovy)
	at geb.driver.CachingDriverFactory$SimpleCache.get(CachingDriverFactory.groovy:32)
	at geb.driver.CachingDriverFactory.getDriver(CachingDriverFactory.groovy:84)
	at geb.Configuration.createDriver(Configuration.groovy:382)
	at geb.Configuration.getDriver(Configuration.groovy:371)
	at geb.Browser.getDriver(Browser.groovy:111)
	at geb.Browser.clearCookies(Browser.groovy:641)
	at geb.Browser.clearCookiesQuietly(Browser.groovy:649)
	at geb.spock.GebSpec.resetBrowser(GebSpec.groovy:50)
	at geb.spock.GebSpec.cleanup(GebSpec.groovy:73)
</failure>
  </testcase>
  <system-out><![CDATA[]]></system-out>
  <system-err><![CDATA[[Test worker] INFO com.athaydes.spockframework.report.internal.ConfigLoader - SpockReports config loaded: {com.athaydes.spockframework.report.showCodeBlocks=false, com.athaydes.spockframework.report.template.TemplateReportCreator.reportFileExtension=md, com.athaydes.spockframework.report.testSourceRoots=src/test/groovy, com.athaydes.spockframework.report.IReportCreator=com.athaydes.spockframework.report.internal.HtmlReportCreator, com.athaydes.spockframework.report.outputDir=build/spock-reports, com.athaydes.spockframework.report.internal.HtmlReportCreator.inlineCss=true, com.athaydes.spockframework.report.internal.HtmlReportCreator.featureReportCss=spock-feature-report.css, com.athaydes.spockframework.report.hideEmptyBlocks=false, com.athaydes.spockframework.report.internal.HtmlReportCreator.summaryReportCss=spock-summary-report.css, com.athaydes.spockframework.report.projectVersion=Unknown, com.athaydes.spockframework.report.template.TemplateReportCreator.specTemplateFile=/templateReportCreator/spec-template.md, com.athaydes.spockframework.report.template.TemplateReportCreator.summaryTemplateFile=/templateReportCreator/summary-template.md, com.athaydes.spockframework.report.internal.HtmlReportCreator.excludeToc=false, com.athaydes.spockframework.report.template.TemplateReportCreator.enabled=true, com.athaydes.spockframework.report.projectName=, com.athaydes.spockframework.report.template.TemplateReportCreator.summaryFileName=summary.md, com.athaydes.spockframework.report.internal.HtmlReportCreator.printThrowableStackTrace=false, com.athaydes.spockframework.report.internal.HtmlReportCreator.enabled=true}
]]></system-err>
</testsuite>
